mode: set
github.com/gitwohq/gitwo/internal/wt/add.go:9.49,11.16 1 1
github.com/gitwohq/gitwo/internal/wt/add.go:11.16,13.3 1 1
github.com/gitwohq/gitwo/internal/wt/add.go:14.2,14.18 1 1
github.com/gitwohq/gitwo/internal/wt/add.go:14.18,16.3 1 1
github.com/gitwohq/gitwo/internal/wt/add.go:17.2,17.22 1 1
github.com/gitwohq/gitwo/internal/wt/add.go:17.22,19.3 1 1
github.com/gitwohq/gitwo/internal/wt/add.go:22.2,22.38 1 1
github.com/gitwohq/gitwo/internal/wt/add.go:22.38,24.3 1 1
github.com/gitwohq/gitwo/internal/wt/add.go:26.2,26.63 1 1
github.com/gitwohq/gitwo/internal/wt/add.go:26.63,28.3 1 0
github.com/gitwohq/gitwo/internal/wt/add.go:31.2,35.79 2 1
github.com/gitwohq/gitwo/internal/wt/add.go:35.79,37.3 1 0
github.com/gitwohq/gitwo/internal/wt/add.go:40.2,40.29 1 1
github.com/gitwohq/gitwo/internal/wt/add.go:40.29,44.3 1 0
github.com/gitwohq/gitwo/internal/wt/add.go:46.2,46.12 1 1
github.com/gitwohq/gitwo/internal/wt/list.go:16.39,18.2 1 1
github.com/gitwohq/gitwo/internal/wt/list.go:20.37,21.38 1 1
github.com/gitwohq/gitwo/internal/wt/list.go:21.38,23.3 1 1
github.com/gitwohq/gitwo/internal/wt/list.go:25.2,26.16 2 1
github.com/gitwohq/gitwo/internal/wt/list.go:26.16,28.3 1 0
github.com/gitwohq/gitwo/internal/wt/list.go:30.2,34.16 4 1
github.com/gitwohq/gitwo/internal/wt/list.go:34.16,36.10 2 1
github.com/gitwohq/gitwo/internal/wt/list.go:37.45,38.22 1 1
github.com/gitwohq/gitwo/internal/wt/list.go:38.22,40.5 1 1
github.com/gitwohq/gitwo/internal/wt/list.go:41.4,41.86 1 1
github.com/gitwohq/gitwo/internal/wt/list.go:42.41,43.67 1 1
github.com/gitwohq/gitwo/internal/wt/list.go:44.43,46.55 2 1
github.com/gitwohq/gitwo/internal/wt/list.go:49.2,49.20 1 1
github.com/gitwohq/gitwo/internal/wt/list.go:49.20,51.3 1 1
github.com/gitwohq/gitwo/internal/wt/list.go:52.2,52.19 1 1
github.com/gitwohq/gitwo/internal/wt/wt.go:12.45,17.2 4 1
github.com/gitwohq/gitwo/internal/wt/wt.go:19.58,22.2 2 1
github.com/gitwohq/gitwo/internal/wt/wt.go:24.32,26.2 1 1
github.com/gitwohq/gitwo/internal/wt/wt.go:28.45,30.2 1 1
github.com/gitwohq/gitwo/internal/wt/wt.go:32.33,34.16 2 1
github.com/gitwohq/gitwo/internal/wt/wt.go:34.16,36.3 1 1
github.com/gitwohq/gitwo/internal/wt/wt.go:37.2,37.54 1 1
github.com/gitwohq/gitwo/internal/wt/wt.go:40.35,42.2 1 1
github.com/gitwohq/gitwo/internal/wt/wt.go:44.35,46.2 1 1
